[2026-02-26T07:32:27.764Z] SENT | type=generic | to=*******8828
[2026-02-26T07:35:10.943Z] SENT | type=generic | to=*******8841
[2026-02-26T07:35:44.688Z] SENT | type=generic | to=*******8843
[2026-02-26T07:48:06.490Z] SENT | type=generic | to=*******8846
[2026-02-26T08:45:57.748Z] SENT | type=generic | to=*******8849
[2026-03-01T05:27:46.698Z] SENT | type=generic | to=*******8850
[2026-03-01T05:28:49.261Z] SENT | type=generic | to=*******8851
[2026-03-01T05:34:20.752Z] SENT | type=generic | to=*******8852
[2026-03-01T05:35:04.627Z] SENT | type=coach_approved | to=*******8851
[2026-03-01T05:35:35.760Z] SENT | type=generic | to=*******8852
[2026-03-01T05:36:05.171Z] SENT | type=generic | to=*******8851
[2026-03-01T06:08:31.765Z] SENT | type=generic | to=*******8860
[2026-03-01T06:09:55.224Z] SENT | type=generic | to=*******8870
[2026-03-01T06:30:58.934Z] SENT | type=generic | to=*******8870
[2026-03-01T07:10:09.624Z] SENT | type=coach_approved | to=*******8849
[2026-03-01T07:10:19.834Z] SENT | type=coach_approved | to=*******8843
[2026-03-01T07:14:20.415Z] SENT | type=coach_approved | to=*******8870
[2026-03-01T10:34:17.331Z] SENT | type=generic | to=*******8870
[2026-03-01T10:39:27.116Z] SENT | type=generic | to=*******8870
[2026-03-01T14:59:36.440Z] SENT | type=generic | to=*******8879
[2026-03-01T15:21:09.832Z] SENT | type=generic | to=*******8890
[2026-03-01T15:26:05.458Z] SENT | type=generic | to=*******8879
[2026-03-01T15:28:07.605Z] SENT | type=coach_approved | to=*******8890
[2026-03-02T02:47:21.008Z] SENT | type=generic | to=*******8890
[2026-03-02T02:57:06.463Z] SENT | type=generic | to=*******8891
[2026-03-02T02:57:28.113Z] SENT | type=generic | to=*******8891
[2026-03-02T03:01:56.771Z] SENT | type=generic | to=*******8891
[2026-03-02T04:36:43.757Z] SENT | type=generic | to=*******8892
[2026-03-02T06:27:55.031Z] SENT | type=generic | to=*******8879
[2026-03-02T07:37:14.943Z] SENT | type=generic | to=*******8895
[2026-03-02T08:05:38.072Z] SENT | type=generic | to=*******8896
[2026-03-02T10:11:04.052Z] SENT | type=generic | to=*******8897
[2026-03-02T10:13:35.907Z] SENT | type=generic | to=*******8879
[2026-03-02T12:35:13.513Z] SENT | type=generic | to=*******8898
[2026-03-02T12:35:21.972Z] SENT | type=generic | to=*******8898
[2026-03-02T12:37:15.871Z] SENT | type=coach_approved | to=*******8898
[2026-03-02T17:13:44.913Z] SENT | type=generic | to=*******8100
[2026-03-02T17:20:08.197Z] SENT | type=generic | to=*******8101
[2026-03-02T17:24:23.641Z] SENT | type=generic | to=*******8879
[2026-03-02T17:24:57.752Z] SENT | type=coach_approved | to=*******8101
[2026-03-02T17:27:02.593Z] SENT | type=generic | to=*******8102
[2026-03-02T17:36:30.711Z] SENT | type=generic | to=*******8828
[2026-03-02T17:37:00.593Z] SENT | type=generic | to=*******8103
[2026-03-02T17:37:41.037Z] SENT | type=generic | to=*******8104
[2026-03-03T03:08:07.514Z] SENT | type=generic | to=*******8879
[2026-03-03T05:23:45.272Z] SENT | type=generic | to=*******8830
[2026-03-03T05:26:38.880Z] SENT | type=coach_approved | to=*******8830
[2026-03-03T05:46:42.310Z] SENT | type=generic | to=*******8830
[2026-03-03T06:02:27.927Z] SENT | type=generic | to=*******8830
[2026-03-03T06:04:10.773Z] FAILED | type=generic | to=******8843
[2026-03-03T11:01:49.766Z] SENT | type=generic | to=*******8851
[2026-03-03T11:02:21.688Z] SENT | type=generic | to=*******8851
[2026-03-03T11:02:59.669Z] SENT | type=generic | to=*******8879
[2026-03-03T12:05:27.922Z] SENT | type=generic | to=*******8851
[2026-03-03T12:11:00.888Z] SENT | type=generic | to=*******8852
[2026-03-03T12:11:28.475Z] SENT | type=generic | to=*******8861
[2026-03-03T15:53:18.686Z] SENT | type=generic | to=*******8830
[2026-03-03T15:54:11.995Z] SENT | type=generic | to=*******8861
[2026-03-03T17:06:25.905Z] SENT | type=generic | to=*******8829
[2026-03-03T17:09:25.770Z] SENT | type=generic | to=*******8879
[2026-03-03T17:10:31.727Z] SENT | type=coach_rejected | to=*******8829
[2026-03-03T17:12:10.177Z] FAILED | type=generic | to=*******8830
[2026-03-03T17:14:09.077Z] SENT | type=coach_approved | to=*******8830
[2026-03-03T17:34:17.194Z] FAILED | type=generic | to=*******8841
[2026-03-03T17:40:25.857Z] SENT | type=generic | to=*******8841
[2026-03-03T17:41:03.280Z] FAILED | type=generic | to=********2888
[2026-03-03T18:10:43.174Z] SENT | type=generic | to=*******8830
[2026-03-04T07:28:35.408Z] SENT | type=generic | to=*******8879
[2026-03-04T07:36:50.942Z] SENT | type=generic | to=*******8829
[2026-03-04T07:37:36.077Z] SENT | type=generic | to=*******8830
[2026-03-04T11:39:18.494Z] SENT | type=generic | to=*******8890
[2026-03-04T11:41:44.921Z] SENT | type=generic | to=*******8892
[2026-03-04T12:32:10.039Z] SENT | type=generic | to=*******8879
[2026-03-04T12:52:27.888Z] SENT | type=generic | to=*******8879
[2026-03-04T13:04:56.286Z] SENT | type=generic | to=*******8879
[2026-03-04T14:05:59.745Z] SENT | type=generic | to=*******8890
[2026-03-04T14:06:43.952Z] SENT | type=generic | to=*******8830
[2026-03-04T14:17:07.637Z] SENT | type=generic | to=*******8879
[2026-03-04T14:31:20.137Z] SENT | type=generic | to=*******8833
[2026-03-04T14:33:36.016Z] SENT | type=generic | to=*******8879
[2026-03-04T14:35:03.509Z] SENT | type=generic | to=*******8830
[2026-03-04T15:07:44.899Z] SENT | type=generic | to=*******8879
[2026-03-04T15:44:07.190Z] SENT | type=generic | to=*******8830
[2026-03-04T15:44:49.366Z] SENT | type=generic | to=*******8879
[2026-03-04T15:45:05.884Z] SENT | type=generic | to=*******8830
[2026-03-04T15:45:38.703Z] SENT | type=generic | to=*******8879
[2026-03-04T15:45:51.201Z] SENT | type=generic | to=*******8830
[2026-03-04T15:55:08.485Z] SENT | type=generic | to=*******8812
[2026-03-04T15:57:35.209Z] SENT | type=generic | to=*******8830
[2026-03-04T15:59:23.444Z] SENT | type=generic | to=*******8879
[2026-03-04T15:59:37.026Z] SENT | type=generic | to=*******8830
[2026-03-04T15:59:44.825Z] SENT | type=generic | to=*******8879
[2026-03-04T15:59:54.521Z] SENT | type=generic | to=*******8830
[2026-03-05T02:45:41.211Z] SENT | type=generic | to=*******8879
[2026-03-05T10:27:03.487Z] SENT | type=generic | to=*******8828
[2026-03-05T11:31:28.441Z] SENT | type=generic | to=*******8879
[2026-03-05T11:31:50.818Z] SENT | type=generic | to=*******7728
[2026-03-05T11:34:02.111Z] SENT | type=coach_approved | to=*******7728
[2026-03-05T17:41:18.055Z] SENT | type=generic | to=*******7728
[2026-03-05T17:46:22.363Z] SENT | type=generic | to=*******8879
[2026-03-05T17:49:37.053Z] SENT | type=generic | to=*******7729
[2026-03-06T01:51:13.215Z] SENT | type=generic | to=*******8828
[2026-03-06T01:51:34.961Z] SENT | type=generic | to=*******8879
[2026-03-06T21:58:35.275Z] SENT | type=generic | to=*******8828
[2026-03-06T22:01:42.676Z] SENT | type=generic | to=*******8828
